{"name": "Login Page. Проверка наличия элементов а странице.", "status": "failed", "statusDetails": {"message": "AssertionError: assert 0\n +  where 0 = <bound method LoginPage.wrong_userdata_message_is_absent of <PageObject.LoginPage.LoginPage object at 0x0000016140392CE0>>()\n +    where <bound method LoginPage.wrong_userdata_message_is_absent of <PageObject.LoginPage.LoginPage object at 0x0000016140392CE0>> = <PageObject.LoginPage.LoginPage object at 0x0000016140392CE0>.wrong_userdata_message_is_absent", "trace": "browser = <selenium.webdriver.remote.webdriver.WebDriver (session=\"be45ca6eb8299ef1b3a43abc4912a06c\")>\n\n    @allure.story(\"Тесты на поиск элементов\")\n    @allure.title(\"Login Page. Проверка наличия элементов а странице.\")\n    def test_incorrect_login(browser):\n        \"\"\"\n        Тест: Поверка наличия элементов\n        1) Проверить заголовок \"Please enter your login details.\"\n        2) Проверить, что блок о не верных данных \"No match for Username and/or Password\" - отсутствует\n        3) Найдем поле username. введем в него не валидное значение\n        4) Найдем поле password. введем в него не валидное значение\n        5) Найдем кнопку login. кликнем по ней\n        6) Блок о не верных данных \"No match for Username and/or Password\" - появился\n        \"\"\"\n    \n        LOGIN_PAGE = LoginPage(browser)\n        LOGIN_PAGE.open_(browser.url + LOGIN_PAGE_PATH)\n    \n        with allure.step('1) Проверить заголовок \"Please enter your login details.\"'):\n            assert \"Please enter your login details.\" in LOGIN_PAGE.h1_page_title()\n    \n        with allure.step('2) Проверить, что блок о не верных данных \"No match for Username and/or Password\" - отсутствует'):\n>           assert LOGIN_PAGE.wrong_userdata_message_is_absent()\nE           assert 0\nE            +  where 0 = <bound method LoginPage.wrong_userdata_message_is_absent of <PageObject.LoginPage.LoginPage object at 0x0000016140392CE0>>()\nE            +    where <bound method LoginPage.wrong_userdata_message_is_absent of <PageObject.LoginPage.LoginPage object at 0x0000016140392CE0>> = <PageObject.LoginPage.LoginPage object at 0x0000016140392CE0>.wrong_userdata_message_is_absent\n\ntest_login_page.py:26: AssertionError"}, "description": "\n    Тест: Поверка наличия элементов\n    1) Проверить заголовок \"Please enter your login details.\"\n    2) Проверить, что блок о не верных данных \"No match for Username and/or Password\" - отсутствует\n    3) Найдем поле username. введем в него не валидное значение\n    4) Найдем поле password. введем в него не валидное значение\n    5) Найдем кнопку login. кликнем по ней\n    6) Блок о не верных данных \"No match for Username and/or Password\" - появился\n    ", "steps": [{"name": "Открыть URL http://192.168.31.28:8081/admin", "status": "passed", "start": 1680216276664, "stop": 1680216276909}, {"name": "1) Проверить заголовок \"Please enter your login details.\"", "status": "passed", "steps": [{"name": "Поиск текста элемента ('css selector', 'h1.panel-title')", "status": "passed", "start": 1680216276909, "stop": 1680216276943}], "start": 1680216276909, "stop": 1680216276943}, {"name": "2) Проверить, что блок о не верных данных \"No match for Username and/or Password\" - отсутствует", "status": "failed", "statusDetails": {"message": "AssertionError: assert 0\n +  where 0 = <bound method LoginPage.wrong_userdata_message_is_absent of <PageObject.LoginPage.LoginPage object at 0x0000016140392CE0>>()\n +    where <bound method LoginPage.wrong_userdata_message_is_absent of <PageObject.LoginPage.LoginPage object at 0x0000016140392CE0>> = <PageObject.LoginPage.LoginPage object at 0x0000016140392CE0>.wrong_userdata_message_is_absent\n", "trace": "  File \"C:\\Users\\khomiakov_a\\Desktop\\Python\\Selenium_HW\\Selenium_HW\\tests\\test_login_page.py\", line 26, in test_incorrect_login\n    assert LOGIN_PAGE.wrong_userdata_message_is_absent()\n"}, "start": 1680216276943, "stop": 1680216276952}], "attachments": [{"name": "log", "source": "79a4ef18-3a33-43a4-abb6-a71eff4cd944-attachment.txt", "type": "text/plain"}], "start": 1680216276663, "stop": 1680216276953, "uuid": "5ed8a22d-f9eb-4ac8-bcfe-0a5cdd408d34", "historyId": "c67bf8d86d23977b4a942e14dc1ba077", "testCaseId": "b7d7134a2a485f8f26bf1d62046071e9", "fullName": "tests.test_login_page#test_incorrect_login", "labels": [{"name": "story", "value": "Тесты на поиск элементов"}, {"name": "parentSuite", "value": "tests"}, {"name": "suite", "value": "test_login_page"}, {"name": "host", "value": "NTB-655"}, {"name": "thread", "value": "11792-MainThread"}, {"name": "framework", "value": "pytest"}, {"name": "language", "value": "cpython3"}, {"name": "package", "value": "tests.test_login_page"}]}